2025-11-09 00:03:43.826 +00:00 [INF] User profile is available. Using 'C:\Users\ayo.olowoniwa\AppData\Local\ASP.NET\DataProtection-Keys' as key repository and Windows DPAPI to encrypt keys at rest.
2025-11-09 00:03:44.251 +00:00 [INF] Now listening on: https://localhost:7013
2025-11-09 00:03:44.254 +00:00 [INF] Now listening on: http://localhost:5226
2025-11-09 00:03:44.263 +00:00 [INF] Application started. Press Ctrl+C to shut down.
2025-11-09 00:03:44.267 +00:00 [INF] Hosting environment: Development
2025-11-09 00:03:44.269 +00:00 [INF] Content root path: C:\Projects\IsoBridge\IsoBridge.Web\
2025-11-09 00:04:00.918 +00:00 [INF] Request starting HTTP/2 GET https://localhost:7013/admin/audit - -
2025-11-09 00:04:00.968 +00:00 [INF] HTTP GET /admin/audit responded 404 in 42.8016 ms
2025-11-09 00:04:00.980 +00:00 [INF] Request finished HTTP/2 GET https://localhost:7013/admin/audit - - - 404 0 - 64.6650ms
2025-11-09 00:04:10.996 +00:00 [INF] Request starting HTTP/2 GET https://localhost:7013/admin/audit - -
2025-11-09 00:04:10.998 +00:00 [INF] HTTP GET /admin/audit responded 404 in 0.3067 ms
2025-11-09 00:04:11.000 +00:00 [INF] Request finished HTTP/2 GET https://localhost:7013/admin/audit - - - 404 0 - 3.4538ms
2025-11-09 00:04:13.188 +00:00 [INF] Request starting HTTP/2 GET https://localhost:7013/admin/audit - -
2025-11-09 00:04:13.190 +00:00 [INF] HTTP GET /admin/audit responded 404 in 0.9391 ms
2025-11-09 00:04:13.193 +00:00 [INF] Request finished HTTP/2 GET https://localhost:7013/admin/audit - - - 404 0 - 4.7597ms
2025-11-09 00:08:03.488 +00:00 [INF] Application is shutting down...
2025-11-09 00:11:49.586 +00:00 [INF] User profile is available. Using 'C:\Users\ayo.olowoniwa\AppData\Local\ASP.NET\DataProtection-Keys' as key repository and Windows DPAPI to encrypt keys at rest.
2025-11-09 00:11:49.885 +00:00 [INF] Now listening on: https://localhost:7013
2025-11-09 00:11:49.888 +00:00 [INF] Now listening on: http://localhost:5226
2025-11-09 00:11:49.893 +00:00 [INF] Application started. Press Ctrl+C to shut down.
2025-11-09 00:11:49.895 +00:00 [INF] Hosting environment: Development
2025-11-09 00:11:49.896 +00:00 [INF] Content root path: C:\Projects\IsoBridge\IsoBridge.Web\
2025-11-09 00:11:52.693 +00:00 [INF] Request starting HTTP/2 GET https://localhost:7013/admin/audit - -
2025-11-09 00:11:52.753 +00:00 [INF] Executing endpoint 'IsoBridge.Web.Controllers.AdminAuditController.Index (IsoBridge.Web)'
2025-11-09 00:11:52.779 +00:00 [INF] Route matched with {action = "Index", controller = "AdminAudit"}. Executing controller action with signature System.Threading.Tasks.Task`1[Microsoft.AspNetCore.Mvc.IActionResult] Index() on controller IsoBridge.Web.Controllers.AdminAuditController (IsoBridge.Web).
2025-11-09 00:11:53.433 +00:00 [INF] Entity Framework Core 6.0.36 initialized 'AuditDbContext' using provider 'Microsoft.EntityFrameworkCore.Sqlite:6.0.36' with options: None
2025-11-09 00:11:53.769 +00:00 [INF] Executed DbCommand (15ms) [Parameters=[], CommandType='"Text"', CommandTimeout='30']
SELECT "a"."Id", "a"."Actor", "a"."Hash", "a"."HmacSignature", "a"."MetaJson", "a"."PrevHash", "a"."RequestDigest", "a"."ResponseDigest", "a"."Service", "a"."TimestampUtc"
FROM "AuditEntries" AS "a"
ORDER BY "a"."TimestampUtc" DESC
2025-11-09 00:11:53.808 +00:00 [INF] Executing ViewResult, running view Index.
2025-11-09 00:11:53.937 +00:00 [INF] Executed ViewResult - view Index executed in 131.912ms.
2025-11-09 00:11:53.941 +00:00 [INF] Executed action IsoBridge.Web.Controllers.AdminAuditController.Index (IsoBridge.Web) in 1159.0671ms
2025-11-09 00:11:53.943 +00:00 [INF] Executed endpoint 'IsoBridge.Web.Controllers.AdminAuditController.Index (IsoBridge.Web)'
2025-11-09 00:11:53.946 +00:00 [INF] HTTP GET /admin/audit responded 200 in 1245.9900 ms
2025-11-09 00:11:53.959 +00:00 [INF] Request finished HTTP/2 GET https://localhost:7013/admin/audit - - - 200 - text/html;+charset=utf-8 1267.9407ms
2025-11-09 00:11:54.038 +00:00 [INF] Request starting HTTP/2 GET https://localhost:7013/lib/bootstrap/dist/css/bootstrap.min.css - -
2025-11-09 00:11:54.038 +00:00 [INF] Request starting HTTP/2 GET https://localhost:7013/css/site.css?v=fmUvNfPH6GS5snACEWcRBvb3b-W8PPos1wN-0Au2Wcc - -
2025-11-09 00:11:54.039 +00:00 [INF] Request starting HTTP/2 GET https://localhost:7013/IsoBridge.Web.styles.css?v=M6GxuXswngq6wN1lSd8qdpq8j0o3ooy_HaFTaLdGiZU - -
2025-11-09 00:11:54.041 +00:00 [INF] Request starting HTTP/2 GET https://localhost:7013/lib/jquery/dist/jquery.min.js - -
2025-11-09 00:11:54.041 +00:00 [INF] Request starting HTTP/2 GET https://localhost:7013/lib/bootstrap/dist/js/bootstrap.bundle.min.js - -
2025-11-09 00:11:54.042 +00:00 [INF] Request starting HTTP/2 GET https://localhost:7013/css/output.css - -
2025-11-09 00:11:54.042 +00:00 [INF] Request starting HTTP/2 GET https://localhost:7013/js/site.js?v=4q1jwFhaPaZgr8WAUSrux6hAuh0XDg9kPS3xIVq36I0 - -
2025-11-09 00:11:54.061 +00:00 [INF] Sending file. Request path: '/js/site.js'. Physical path: 'C:\Projects\IsoBridge\IsoBridge.Web\wwwroot\js\site.js'
2025-11-09 00:11:54.061 +00:00 [INF] Sending file. Request path: '/IsoBridge.Web.styles.css'. Physical path: 'C:\Projects\IsoBridge\IsoBridge.Web\obj\Debug\net6.0\scopedcss\bundle\IsoBridge.Web.styles.css'
2025-11-09 00:11:54.061 +00:00 [INF] Sending file. Request path: '/css/site.css'. Physical path: 'C:\Projects\IsoBridge\IsoBridge.Web\wwwroot\css\site.css'
2025-11-09 00:11:54.061 +00:00 [INF] Sending file. Request path: '/css/output.css'. Physical path: 'C:\Projects\IsoBridge\IsoBridge.Web\wwwroot\css\output.css'
2025-11-09 00:11:54.068 +00:00 [INF] HTTP GET /js/site.js responded 200 in 15.7380 ms
2025-11-09 00:11:54.069 +00:00 [INF] HTTP GET /IsoBridge.Web.styles.css responded 200 in 24.5200 ms
2025-11-09 00:11:54.072 +00:00 [INF] Sending file. Request path: '/lib/jquery/dist/jquery.min.js'. Physical path: 'C:\Projects\IsoBridge\IsoBridge.Web\wwwroot\lib\jquery\dist\jquery.min.js'
2025-11-09 00:11:54.072 +00:00 [INF] Sending file. Request path: '/lib/bootstrap/dist/js/bootstrap.bundle.min.js'. Physical path: 'C:\Projects\IsoBridge\IsoBridge.Web\wwwroot\lib\bootstrap\dist\js\bootstrap.bundle.min.js'
2025-11-09 00:11:54.072 +00:00 [INF] Sending file. Request path: '/lib/bootstrap/dist/css/bootstrap.min.css'. Physical path: 'C:\Projects\IsoBridge\IsoBridge.Web\wwwroot\lib\bootstrap\dist\css\bootstrap.min.css'
2025-11-09 00:11:54.074 +00:00 [INF] HTTP GET /css/site.css responded 200 in 30.0530 ms
2025-11-09 00:11:54.078 +00:00 [INF] HTTP GET /css/output.css responded 200 in 26.9793 ms
2025-11-09 00:11:54.085 +00:00 [INF] Request finished HTTP/2 GET https://localhost:7013/js/site.js?v=4q1jwFhaPaZgr8WAUSrux6hAuh0XDg9kPS3xIVq36I0 - - - 200 230 application/javascript 42.7872ms
2025-11-09 00:11:54.086 +00:00 [INF] Request finished HTTP/2 GET https://localhost:7013/IsoBridge.Web.styles.css?v=M6GxuXswngq6wN1lSd8qdpq8j0o3ooy_HaFTaLdGiZU - - - 200 1130 text/css 47.1074ms
2025-11-09 00:11:54.093 +00:00 [INF] HTTP GET /lib/jquery/dist/jquery.min.js responded 200 in 45.5918 ms
2025-11-09 00:11:54.094 +00:00 [INF] HTTP GET /lib/bootstrap/dist/js/bootstrap.bundle.min.js responded 200 in 45.7964 ms
2025-11-09 00:11:54.097 +00:00 [INF] HTTP GET /lib/bootstrap/dist/css/bootstrap.min.css responded 200 in 54.7524 ms
2025-11-09 00:11:54.101 +00:00 [INF] Request finished HTTP/2 GET https://localhost:7013/css/site.css?v=fmUvNfPH6GS5snACEWcRBvb3b-W8PPos1wN-0Au2Wcc - - - 200 383 text/css 63.1195ms
2025-11-09 00:11:54.104 +00:00 [INF] Request finished HTTP/2 GET https://localhost:7013/css/output.css - - - 200 7136 text/css 62.6963ms
2025-11-09 00:11:54.113 +00:00 [INF] Request finished HTTP/2 GET https://localhost:7013/lib/jquery/dist/jquery.min.js - - - 200 89476 application/javascript 71.4553ms
2025-11-09 00:11:54.114 +00:00 [INF] Request finished HTTP/2 GET https://localhost:7013/lib/bootstrap/dist/js/bootstrap.bundle.min.js - - - 200 78468 application/javascript 72.5502ms
2025-11-09 00:11:54.119 +00:00 [INF] Request finished HTTP/2 GET https://localhost:7013/lib/bootstrap/dist/css/bootstrap.min.css - - - 200 162720 text/css 80.5107ms
2025-11-09 00:12:00.686 +00:00 [INF] Request starting HTTP/2 POST https://localhost:7013/admin/audit/verify application/x-www-form-urlencoded 182
2025-11-09 00:12:00.690 +00:00 [INF] Executing endpoint 'IsoBridge.Web.Controllers.AdminAuditController.Verify (IsoBridge.Web)'
2025-11-09 00:12:00.695 +00:00 [INF] Route matched with {action = "Verify", controller = "AdminAudit"}. Executing controller action with signature System.Threading.Tasks.Task`1[Microsoft.AspNetCore.Mvc.IActionResult] Verify() on controller IsoBridge.Web.Controllers.AdminAuditController (IsoBridge.Web).
2025-11-09 00:12:00.740 +00:00 [INF] Entity Framework Core 6.0.36 initialized 'AuditDbContext' using provider 'Microsoft.EntityFrameworkCore.Sqlite:6.0.36' with options: None
2025-11-09 00:12:00.749 +00:00 [INF] Executed DbCommand (0ms) [Parameters=[], CommandType='"Text"', CommandTimeout='30']
SELECT "a"."Id", "a"."Actor", "a"."Hash", "a"."HmacSignature", "a"."MetaJson", "a"."PrevHash", "a"."RequestDigest", "a"."ResponseDigest", "a"."Service", "a"."TimestampUtc"
FROM "AuditEntries" AS "a"
ORDER BY "a"."TimestampUtc"
2025-11-09 00:12:00.753 +00:00 [INF] Executed DbCommand (0ms) [Parameters=[], CommandType='"Text"', CommandTimeout='30']
SELECT "a"."Id", "a"."Actor", "a"."Hash", "a"."HmacSignature", "a"."MetaJson", "a"."PrevHash", "a"."RequestDigest", "a"."ResponseDigest", "a"."Service", "a"."TimestampUtc"
FROM "AuditEntries" AS "a"
ORDER BY "a"."TimestampUtc" DESC
2025-11-09 00:12:00.756 +00:00 [INF] Executing ViewResult, running view Index.
2025-11-09 00:12:00.765 +00:00 [INF] Executed ViewResult - view Index executed in 8.7551ms.
2025-11-09 00:12:00.767 +00:00 [INF] Executed action IsoBridge.Web.Controllers.AdminAuditController.Verify (IsoBridge.Web) in 69.2068ms
2025-11-09 00:12:00.768 +00:00 [INF] Executed endpoint 'IsoBridge.Web.Controllers.AdminAuditController.Verify (IsoBridge.Web)'
2025-11-09 00:12:00.769 +00:00 [INF] HTTP POST /admin/audit/verify responded 200 in 80.7229 ms
2025-11-09 00:12:00.771 +00:00 [INF] Request finished HTTP/2 POST https://localhost:7013/admin/audit/verify application/x-www-form-urlencoded 182 - 200 - text/html;+charset=utf-8 85.0535ms
2025-11-09 00:15:36.086 +00:00 [INF] Application is shutting down...
